<?xml version="1.0" encoding="UTF-8"?>
<!-- Generated by org.testng.reporters.JUnitXMLReporter -->
<testsuite hostname="NJNADEJE" ignored="0" name="Command line test" tests="4" failures="1" timestamp="04 Led 2018 10:40:00 GMT" time="200.185" errors="0">
  <testcase name="checkTestPageTextFail" time="62.911" classname="webtest.demo.demosmoke.DemoSmokeTest">
    <failure type="java.lang.AssertionError" message="Text (body) of new page is diferent from expected [Zkontrolujte tento text.] but found [Zkontrolujte tento texxt.]">
      <![CDATA[java.lang.AssertionError: Text (body) of new page is diferent from expected [Zkontrolujte tento text.] but found [Zkontrolujte tento texxt.]
	at webtest.demo.demosmoke.step.HomeTestStep.checkPage(HomeTestStep.java:39)
	at webtest.demo.demosmoke.DemoSmokeTest.checkTestPageTextFail(DemoSmokeTest.java:70)
... Removed 40 stack frames]]>
    </failure>
  </testcase> <!-- checkTestPageTextFail -->
  <testcase name="createAndCheckNewPage" time="59.816" classname="webtest.demo.demosmoke.DemoSmokeTest"/>
  <testcase name="loginToDemoPage" time="18.084" classname="webtest.demo.demosmoke.DemoSmokeTest"/>
  <testcase name="openAndCheckArticleText" time="23.113" classname="webtest.demo.demosmoke.DemoSmokeTest"/>
</testsuite> <!-- Command line test -->
