<?xml version="1.0" encoding="UTF-8" ?>
<testsuite tests="5" failures="1" name="TestSuite" time="402.586" errors="0" skipped="0">
  <properties>
[...]
</properties>
  <testcase classname="webtest.demo.demosmoke.DemoSmokeTest" name="loginToDemoPage" time="46.63"/>
  <testcase classname="webtest.demo.demosmoke.DemoSmokeTest" name="checkTestPageTextFail" time="50.516">
    <failure message="Text (body) of new page is diferent from expected [Zkontrolujte tento text.] but found [Zkontrolujte tento texxt.]" type="java.lang.AssertionError">java.lang.AssertionError: Text (body) of new page is diferent from expected [Zkontrolujte tento text.] but found [Zkontrolujte tento texxt.]
	at org.testng.Assert.fail(Assert.java:93)
	at org.testng.Assert.failNotEquals(Assert.java:512)
	at org.testng.Assert.assertEqualsImpl(Assert.java:134)
	at org.testng.Assert.assertEquals(Assert.java:115)
	at org.testng.Assert.assertEquals(Assert.java:189)
	at webtest.demo.demosmoke.step.HomeTestStep.checkPage(HomeTestStep.java:40)
	at webtest.demo.demosmoke.DemoSmokeTest.checkTestPageTextFail(DemoSmokeTest.java:33)
</failure>
    <system-err>[main] INFO webtest.base.DriverSettings - Creating local WebDriver
Starting ChromeDriver 2.34.522940 (1a76f96f66e3ca7b8e57d503b4dd3bccfba87af1) on port 8223
Only local connections are allowed.
led 26, 2018 2:09:06 ODP. org.openqa.selenium.remote.ProtocolHandshake createSession
INFO: Detected dialect: OSS
</system-err>
  </testcase>
  <testcase classname="webtest.demo.demosmoke.DemoSmokeTest" name="createAndCheckNewPage" time="129.27"/>
  <testcase classname="webtest.demo.demosmoke.DemoSmokeTest" name="openAndCheckArticleText" time="61.594"/>
  <testcase classname="webtest.demo.demosmoke.DemoSmokeTest" name="deletePage" time="114.576"/>
</testsuite>